args :  [otherConv]
CKKS parameter set as : default

Multiplexed Parallel Convolution (for complex AI model) time test started!
=== convID : CvTCifar100Stage2, Depth : 2, CipherLevel : 2 ~ 24, iter : 1 === 
startLevel executionTime(sec)
2 6.06607556 
3 7.196553897 
4 8.351475878 
5 9.32745945 
6 13.319638202 
7 14.638299787 
8 16.408112641 
9 18.378867935 
10 19.835785664 
11 25.570327578 
12 27.625585523 
13 29.036377739 
14 30.500552453 
15 33.830500226 
16 41.532320396 
17 43.679392209 
18 46.39383528 
19 48.783149313 
20 51.059317545 
21 58.617276709 
22 60.696454222 
23 63.437765594 
24 67.497566443 
MSE (Mean Squared Error)   : Min = 6.60e-18, Max = 7.15e-18, Avg = 6.90e-18
Relative Error             : Min = 2.00e-09, Max = 3.55e-09, Avg = 2.56e-09
Infinity Norm (L-infinity) : Min = 8.82e-09, Max = 1.23e-08, Avg = 1.00e-08

=== convID : CvTCifar100Stage3, Depth : 2, CipherLevel : 2 ~ 24, iter : 1 === 
startLevel executionTime(sec)
2 14.004173245 
3 16.374931538 
4 18.798293094 
5 25.993231841 
6 37.786166485 
7 35.526949834 
8 39.142906117 
9 41.654173078 
10 44.72600577 
11 66.004843741 
12 62.959347369 
13 66.249258119 
14 70.479957146 
15 75.061091291 
16 101.69222906 
17 99.713763485 
18 104.596359486 
19 110.774910354 
20 113.592191422 
21 144.883299545 
22 143.226470089 
23 144.311466174 
24 149.762623644 
MSE (Mean Squared Error)   : Min = 2.09e-17, Max = 2.42e-17, Avg = 2.24e-17
Relative Error             : Min = 1.85e-09, Max = 2.52e-09, Avg = 2.18e-09
Infinity Norm (L-infinity) : Min = 1.51e-08, Max = 2.01e-08, Avg = 1.71e-08

CKKS parameter set as : PN15QP880CI
CKKS parameter set as : PN15QP880CI
=== convID : MUSE_PyramidGenConv, Depth : 2, CipherLevel : 2 ~ 17, iter : 1 === 
startLevel executionTime(sec)
2 32.628618203 
3 40.979257113 
4 62.417882309 
5 71.252172018 
6 81.391964399 
7 110.646292742 
8 120.755195446 
9 133.65840973 
10 174.877134588 
11 187.565483972 
12 203.016893526 
13 251.508527896 
14 266.550139263 
15 286.982498018 
16 339.566004854 
17 347.843634685 
MSE (Mean Squared Error)   : Min = 4.16e-13, Max = 4.27e-13, Avg = 4.22e-13
Relative Error             : Min = 2.27e-07, Max = 4.57e-07, Avg = 3.14e-07
Infinity Norm (L-infinity) : Min = 2.60e-06, Max = 3.10e-06, Avg = 2.87e-06


Rotation Optimized Convolution (for 2-depth consumed, complex AI model) time test started!
=== convID : CvTCifar100Stage2, Depth : 2, CipherLevel : 2 ~ 24, iter : 1 === 
startLevel executionTime(sec)
2 2.922735075 
3 3.551000057 
4 4.074616666 
5 4.810274045 
6 6.544578666 
7 7.438334654 
8 7.935370545 
9 8.709197534 
10 9.647539241 
11 12.076497994 
12 13.198411387 
13 14.152795403 
14 15.060609992 
15 16.162914111 
16 19.303137304 
17 20.903256152 
18 22.420947887 
19 23.781060981 
20 25.070574459 
21 28.594287962 
22 29.852626881 
23 30.821072132 
24 32.728385385 
MSE (Mean Squared Error)   : Min = 1.20e-17, Max = 1.33e-17, Avg = 1.27e-17
Relative Error             : Min = 2.43e-09, Max = 3.60e-09, Avg = 2.98e-09
Infinity Norm (L-infinity) : Min = 1.15e-08, Max = 1.45e-08, Avg = 1.33e-08

=== convID : CvTCifar100Stage3, Depth : 2, CipherLevel : 2 ~ 24, iter : 1 === 
startLevel executionTime(sec)
2 6.508620736 
3 8.452459521 
4 11.402596482 
5 12.421880768 
6 14.982626985 
7 16.973239839 
8 19.631987256 
9 21.859283598 
10 23.99250649 
11 29.888756247 
12 32.58743481 
13 34.895965474 
14 36.790810354 
15 38.562770339 
16 46.521113259 
17 50.553916563 
18 53.247768494 
19 56.028205214 
20 59.0127379 
21 67.725153707 
22 71.249545165 
23 74.483860962 
24 76.964965177 
MSE (Mean Squared Error)   : Min = 4.23e-17, Max = 4.88e-17, Avg = 4.61e-17
Relative Error             : Min = 2.88e-09, Max = 8.84e-09, Avg = 5.27e-09
Infinity Norm (L-infinity) : Min = 2.20e-08, Max = 2.94e-08, Avg = 2.52e-08

CKKS parameter set as : PN15QP880CI
=== convID : MUSE_PyramidGenConv, Depth : 2, CipherLevel : 2 ~ 17, iter : 1 === 
startLevel executionTime(sec)
2 29.235533327 
3 37.653938035 
4 55.172641587 
5 62.288582198 
6 74.052545213 
7 102.553596726 
8 113.200027764 
9 120.452175656 
10 157.828493235 
11 171.764209026 
12 183.265371353 
13 228.513188347 
14 240.228401845 
15 251.902846343 
16 302.339868741 
17 324.591119885 
MSE (Mean Squared Error)   : Min = 4.19e-13, Max = 4.29e-13, Avg = 4.24e-13
Relative Error             : Min = 2.44e-07, Max = 1.04e-06, Avg = 5.36e-07
Infinity Norm (L-infinity) : Min = 2.66e-06, Max = 3.21e-06, Avg = 2.86e-06


Rotation Optimized Convolution (for 3-depth consumed, complex AI model) time test started!
=== convID : CvTCifar100Stage2, Depth : 3, CipherLevel : 3 ~ 24, iter : 1 === 
startLevel executionTime(sec)
3 2.00264871 
4 2.348583461 
5 2.787005878 
6 3.601293296 
7 4.225128737 
8 4.83312004 
9 5.453062592 
10 6.079122887 
11 7.185411442 
12 7.774081086 
13 8.463257264 
14 9.247468519 
15 10.101454629 
16 11.360183347 
17 12.22466991 
18 13.077661599 
19 13.737748535 
20 14.981921268 
21 16.482121434 
22 17.363041203 
23 18.415320805 
24 19.140370651 
MSE (Mean Squared Error)   : Min = 9.28e-18, Max = 1.06e-17, Avg = 9.98e-18
Relative Error             : Min = 2.10e-09, Max = 2.58e-09, Avg = 2.34e-09
Infinity Norm (L-infinity) : Min = 1.04e-08, Max = 1.51e-08, Avg = 1.24e-08

=== convID : CvTCifar100Stage3, Depth : 3, CipherLevel : 3 ~ 24, iter : 1 === 
startLevel executionTime(sec)
3 4.141848898 
4 5.567994347 
5 6.614355824 
6 7.258488278 
7 8.593762476 
8 9.787960827 
9 11.304259811 
10 12.367261428 
11 14.801252026 
12 16.296624768 
13 17.399979743 
14 18.465924881 
15 20.65593077 
16 23.529686229 
17 25.927210144 
18 27.642798549 
19 28.409851727 
20 29.886147898 
21 33.919048714 
22 36.63547382 
23 37.840232405 
24 40.255218652 
MSE (Mean Squared Error)   : Min = 3.17e-17, Max = 3.68e-17, Avg = 3.43e-17
Relative Error             : Min = 2.18e-09, Max = 3.13e-09, Avg = 2.72e-09
Infinity Norm (L-infinity) : Min = 1.79e-08, Max = 2.60e-08, Avg = 2.08e-08

CKKS parameter set as : PN15QP880CI
=== convID : MUSE_PyramidGenConv, Depth : 3, CipherLevel : 3 ~ 17, iter : 1 === 
startLevel executionTime(sec)
3 17.563295779 
4 24.56177572 
5 29.254351007 
6 33.526757668 
7 42.231057054 
8 48.810783458 
9 55.255106553 
10 65.718012692 
11 74.219513092 
12 80.680080297 
13 96.522385465 
14 107.818867505 
15 114.465294142 
16 129.477492747 
17 141.40053123 
MSE (Mean Squared Error)   : Min = 4.41e-13, Max = 4.53e-13, Avg = 4.48e-13
Relative Error             : Min = 1.82e-07, Max = 5.01e-07, Avg = 3.33e-07
Infinity Norm (L-infinity) : Min = 2.57e-06, Max = 3.58e-06, Avg = 3.03e-06


Rotation Optimized Convolution (for 4-depth consumed, complex AI model) time test started!
=== convID : CvTCifar100Stage2, Depth : 4, CipherLevel : 4 ~ 24, iter : 1 === 
startLevel executionTime(sec)
4 1.93575353 
5 2.449893155 
6 3.033148094 
7 3.615715997 
8 4.104565151 
9 4.635137011 
10 5.211698349 
11 5.986790173 
12 6.783374182 
13 7.399468022 
14 8.05152531 
15 8.65769958 
16 9.540982457 
17 10.2634973 
18 10.931082053 
19 11.610099149 
20 12.383094979 
21 13.518943734 
22 14.697759363 
23 15.44230388 
24 16.654986646 
MSE (Mean Squared Error)   : Min = 1.01e-17, Max = 1.09e-17, Avg = 1.05e-17
Relative Error             : Min = 3.11e-09, Max = 1.60e-08, Avg = 8.36e-09
Infinity Norm (L-infinity) : Min = 1.07e-08, Max = 1.50e-08, Avg = 1.25e-08

=== convID : CvTCifar100Stage3, Depth : 4, CipherLevel : 4 ~ 24, iter : 1 === 
startLevel executionTime(sec)
4 3.925069729 
5 5.410123269 
6 6.547579642 
7 6.720177374 
8 7.754670065 
9 8.68571706 
10 9.56817705 
11 11.479657041 
12 13.040256086 
13 14.424271221 
14 15.547842934 
15 16.640041392 
16 17.870336531 
17 20.060389098 
18 22.084924566 
19 23.193991158 
20 23.802000144 
21 26.114089663 
22 28.577998285 
23 31.224796685 
24 32.331733851 
MSE (Mean Squared Error)   : Min = 2.88e-17, Max = 3.14e-17, Avg = 3.02e-17
Relative Error             : Min = 1.53e-09, Max = 2.19e-09, Avg = 1.85e-09
Infinity Norm (L-infinity) : Min = 1.80e-08, Max = 2.32e-08, Avg = 2.01e-08

CKKS parameter set as : PN15QP880CI
=== convID : MUSE_PyramidGenConv, Depth : 4, CipherLevel : 4 ~ 17, iter : 1 === 
startLevel executionTime(sec)
4 18.259631664 
5 21.301117184 
6 25.23816906 
7 30.683910033 
8 36.444160118 
9 41.698451901 
10 48.829376525 
11 57.679027279 
12 64.510292698 
13 71.698381396 
14 81.406218769 
15 88.742843132 
16 99.749523583 
17 107.0319488 
MSE (Mean Squared Error)   : Min = 4.80e-13, Max = 4.96e-13, Avg = 4.86e-13
Relative Error             : Min = 2.36e-07, Max = 3.24e-07, Avg = 2.92e-07
Infinity Norm (L-infinity) : Min = 2.76e-06, Max = 3.54e-06, Avg = 3.10e-06


Rotation Optimized Convolution (for 5-depth consumed, complex AI model) time test started!
=== convID : CvTCifar100Stage2, Depth : 5, CipherLevel : 5 ~ 24, iter : 1 === 
startLevel executionTime(sec)
5 2.304786146 
6 2.847933508 
7 3.328961802 
8 3.904805861 
9 4.245694779 
10 4.87288955 
11 5.645481867 
12 6.281955358 
13 6.796505759 
14 7.15275615 
15 8.001441195 
16 9.107505415 
17 9.70220441 
18 10.192508935 
19 11.029894978 
20 11.744084133 
21 12.85646703 
22 13.482873396 
23 14.729253069 
24 15.32803668 
MSE (Mean Squared Error)   : Min = 1.06e-17, Max = 1.14e-17, Avg = 1.10e-17
Relative Error             : Min = 2.48e-09, Max = 5.57e-09, Avg = 3.70e-09
Infinity Norm (L-infinity) : Min = 1.11e-08, Max = 1.54e-08, Avg = 1.28e-08

=== convID : CvTCifar100Stage3, Depth : 5, CipherLevel : 5 ~ 24, iter : 1 === 
startLevel executionTime(sec)
5 4.221639499 
6 5.212462248 
7 6.919665437 
8 7.023627337 
9 7.642725051 
10 8.925366733 
11 10.477630981 
12 11.251371643 
13 12.542238656 
14 13.916652307 
15 15.103433728 
16 16.888172088 
17 18.381318555 
18 19.695377051 
19 20.855448025 
20 21.714460216 
21 23.743802254 
22 25.480551107 
23 27.798045647 
24 29.271742957 
MSE (Mean Squared Error)   : Min = 2.91e-17, Max = 3.48e-17, Avg = 3.17e-17
Relative Error             : Min = 1.85e-09, Max = 2.89e-09, Avg = 2.39e-09
Infinity Norm (L-infinity) : Min = 1.78e-08, Max = 2.64e-08, Avg = 2.11e-08

CKKS parameter set as : PN15QP880CI
=== convID : MUSE_PyramidGenConv, Depth : 5, CipherLevel : 5 ~ 17, iter : 1 === 
startLevel executionTime(sec)
5 19.065483126 
6 24.224568468 
7 28.553728699 
8 31.973560152 
9 37.679105373 
10 45.035433949 
11 48.965568862 
12 55.705268694 
13 62.596269382 
14 68.892485432 
15 75.854776482 
16 86.667738993 
17 91.954652002 
MSE (Mean Squared Error)   : Min = 5.00e-13, Max = 5.11e-13, Avg = 5.07e-13
Relative Error             : Min = 2.15e-07, Max = 2.47e-07, Avg = 2.30e-07
Infinity Norm (L-infinity) : Min = 2.91e-06, Max = 3.48e-06, Avg = 3.16e-06


Rotation Optimized Convolution (for 6-depth consumed, complex AI model) time test started!
=== convID : CvTCifar100Stage3, Depth : 6, CipherLevel : 6 ~ 24, iter : 1 === 
startLevel executionTime(sec)
6 4.939177561 
7 5.939618916 
8 6.866758136 
9 7.646054889 
10 8.236033361 
11 9.695553291 
12 10.695352728 
13 12.066996633 
14 12.876132449 
15 13.9050392 
16 15.681560916 
17 16.883645861 
18 18.29439927 
19 19.383827568 
20 21.381362936 
21 23.585875127 
22 25.214587177 
23 26.231742514 
24 26.822092265 
MSE (Mean Squared Error)   : Min = 3.00e-17, Max = 3.46e-17, Avg = 3.25e-17
Relative Error             : Min = 2.00e-09, Max = 5.77e-09, Avg = 3.68e-09
Infinity Norm (L-infinity) : Min = 1.80e-08, Max = 2.27e-08, Avg = 2.10e-08

CKKS parameter set as : PN15QP880CI
=== convID : MUSE_PyramidGenConv, Depth : 6, CipherLevel : 6 ~ 17, iter : 1 === 
startLevel executionTime(sec)
6 23.747838656 
7 26.431072579 
8 31.799544079 
9 35.330032657 
10 42.04634769 
11 46.880298005 
12 52.079377962 
13 61.338415322 
14 67.231827302 
15 71.843969677 
16 80.463631322 
17 89.844953781 
MSE (Mean Squared Error)   : Min = 5.12e-13, Max = 5.26e-13, Avg = 5.20e-13
Relative Error             : Min = 2.41e-07, Max = 3.53e-07, Avg = 2.98e-07
Infinity Norm (L-infinity) : Min = 3.00e-06, Max = 3.43e-06, Avg = 3.17e-06


Rotation Optimized Convolution (for 7-depth consumed, complex AI model) time test started!
CKKS parameter set as : PN15QP880CI
=== convID : MUSE_PyramidGenConv, Depth : 7, CipherLevel : 7 ~ 17, iter : 1 === 
startLevel executionTime(sec)
7 29.382359084 
8 31.565995603 
9 34.718117447 
10 41.18533667 
11 46.576704108 
12 51.429691331 
13 58.477478287 
14 66.120702958 
15 69.635330347 
16 80.654099956 
17 87.477514731 
MSE (Mean Squared Error)   : Min = 5.13e-13, Max = 5.30e-13, Avg = 5.19e-13
Relative Error             : Min = 2.47e-07, Max = 3.31e-07, Avg = 2.78e-07
Infinity Norm (L-infinity) : Min = 2.98e-06, Max = 3.47e-06, Avg = 3.19e-06


Rotation Optimized Convolution (for 8-depth consumed, complex AI model) time test started!
CKKS parameter set as : PN15QP880CI
=== convID : MUSE_PyramidGenConv, Depth : 8, CipherLevel : 8 ~ 17, iter : 1 === 
startLevel executionTime(sec)
8 32.216622345 
9 35.140853827 
10 40.85247868 
11 46.138743066 
12 50.84004486 
13 58.493327308 
14 64.943264424 
15 70.522154721 
16 78.705210294 
17 85.907992079 
MSE (Mean Squared Error)   : Min = 5.14e-13, Max = 5.30e-13, Avg = 5.22e-13
Relative Error             : Min = 2.45e-07, Max = 6.22e-07, Avg = 4.83e-07
Infinity Norm (L-infinity) : Min = 2.91e-06, Max = 3.43e-06, Avg = 3.16e-06


Rotation Optimized Convolution (for 9-depth consumed, complex AI model) time test started!
CKKS parameter set as : PN15QP880CI
=== convID : MUSE_PyramidGenConv, Depth : 9, CipherLevel : 9 ~ 17, iter : 1 === 
startLevel executionTime(sec)
9 36.694272746 
10 40.036953038 
11 46.230016774 
12 51.14747671 
13 58.504658649 
14 64.039762006 
15 68.927553889 
16 79.96897958 
17 85.225298672 
MSE (Mean Squared Error)   : Min = 5.18e-13, Max = 5.33e-13, Avg = 5.27e-13
Relative Error             : Min = 2.56e-07, Max = 3.74e-07, Avg = 3.04e-07
Infinity Norm (L-infinity) : Min = 2.86e-06, Max = 3.61e-06, Avg = 3.27e-06


Rotation Optimized Convolution (for 10-depth consumed, complex AI model) time test started!
CKKS parameter set as : PN15QP880CI
=== convID : MUSE_PyramidGenConv, Depth : 10, CipherLevel : 10 ~ 17, iter : 1 === 
startLevel executionTime(sec)
10 42.12713125 
11 46.223976663 
12 51.676643573 
13 59.484002799 
14 64.890574905 
15 69.421634339 
16 77.771616355 
17 85.052241207 
MSE (Mean Squared Error)   : Min = 5.17e-13, Max = 5.28e-13, Avg = 5.24e-13
Relative Error             : Min = 2.45e-07, Max = 2.96e-07, Avg = 2.72e-07
Infinity Norm (L-infinity) : Min = 2.93e-06, Max = 3.32e-06, Avg = 3.08e-06

