args set as ALL
CKKS parameter set as : default

Basic operation time test started!
StartLevel Rotate Add Mul
0 17.449967ms 49.98µs 624.397µs
1 17.329507ms 88.9µs 1.030465ms
2 20.273122ms 138.309µs 1.380393ms
3 22.988019ms 178.539µs 1.795701ms
4 25.825076ms 221.819µs 2.172229ms
5 37.797348ms 265.729µs 2.549468ms
6 41.31151ms 322.899µs 2.954146ms
7 45.125383ms 357.468µs 3.333984ms
8 51.147445ms 398.518µs 3.760612ms
9 53.323154ms 442.848µs 4.13011ms
10 71.038738ms 487.568µs 4.620398ms
11 75.104929ms 528.677µs 4.786327ms
12 80.066285ms 576.057µs 5.226545ms
13 85.42035ms 613.727µs 5.626492ms
14 90.980412ms 667.457µs 6.065932ms
15 113.434586ms 731.046µs 6.481608ms
16 114.099932ms 717.806µs 4.759047ms
17 120.628409ms 768.887µs 5.047755ms
18 127.165408ms 814.016µs 5.484635ms
19 133.494408ms 855.496µs 5.678752ms
20 160.287969ms 924.806µs 6.091801ms
21 165.930732ms 951.075µs 6.288731ms
22 172.51732ms 986.165µs 6.689198ms
23 179.807865ms 1.027985ms 6.931077ms
24 186.999331ms 1.073074ms 7.228776ms

Rotation Optimized Convolution (for 2-depth consumed) time test started!
=== convID : CONV1, Depth : 2, CipherLevel : 2 ~ 24, iter : 1 === 
startLevel executionTime(sec)
2 0.283415838 
3 0.337708368 
4 0.392855673 
5 0.519249486 
6 0.621675513 
7 0.701410379 
8 0.771573522 
9 0.844811703 
10 1.022056131 
11 1.148671572 
12 1.263093513 
13 1.311474592 
signal: interrupt
