args :  [conv]
CKKS parameter set as : default

Rotation Optimized Convolution (for 2-depth consumed) time test started!
=== convID : CONV1, Depth : 2, CipherLevel : 2 ~ 24, iter : 1 === 
startLevel executionTime(sec)
2 0.292521896 
3 0.343398329 
4 0.39904375 
5 0.525859446 
6 0.621539645 
7 0.707138472 
8 0.778933344 
9 0.851877669 
10 1.027821233 
11 1.160172814 
12 1.255170089 
13 1.307212788 
14 1.396288515 
15 1.617149429 
16 1.768490465 
17 1.899604432 
18 2.057979052 
19 2.099386479 
20 2.277602409 
21 2.457684808 
22 2.597246713 
23 2.715049257 
24 2.872878472 
MSE (Mean Squared Error)   : Min = 5.03e-19, Max = 5.22e-19, Avg = 5.14e-19
Relative Error             : Min = 5.15e-09, Max = 3.88e-08, Avg = 1.85e-08
Infinity Norm (L-infinity) : Min = 3.30e-09, Max = 5.52e-09, Avg = 3.96e-09

=== convID : CONV2, Depth : 2, CipherLevel : 2 ~ 24, iter : 1 === 
startLevel executionTime(sec)
2 0.721480146 
3 0.859609825 
4 1.071929465 
5 1.365740469 
6 1.760142915 
7 1.815428518 
8 2.008964301 
9 2.210595291 
10 2.511668455 
11 3.211320586 
12 3.279147006 
13 3.505855113 
14 3.739466505 
15 4.152344073 
16 4.786840155 
17 5.093308051 
18 5.407207424 
19 5.687157829 
20 6.105232502 
21 6.851312466 
22 7.19039134 
23 7.384611773 
24 7.806430624 
MSE (Mean Squared Error)   : Min = 1.99e-18, Max = 2.12e-18, Avg = 2.05e-18
Relative Error             : Min = 1.63e-09, Max = 2.16e-09, Avg = 1.92e-09
Infinity Norm (L-infinity) : Min = 5.60e-09, Max = 9.56e-09, Avg = 6.45e-09

=== convID : CONV3s2, Depth : 2, CipherLevel : 2 ~ 24, iter : 1 === 
startLevel executionTime(sec)
2 1.437163532 
3 1.693489624 
4 1.980057379 
5 2.333986513 
6 3.224855114 
7 3.901664054 
8 4.076179935 
9 4.41945084 
10 4.923052131 
11 6.17653716 
12 6.564006599 
13 7.028350432 
14 7.750510211 
15 8.414653288 
16 10.073392566 
17 10.644606403 
18 11.313199535 
19 11.880333785 
20 12.119712971 
21 13.89874624 
22 14.569477849 
23 15.372689959 
24 16.13302309 
MSE (Mean Squared Error)   : Min = 2.38e-18, Max = 2.50e-18, Avg = 2.45e-18
Relative Error             : Min = 2.48e-09, Max = 4.86e-09, Avg = 3.44e-09
Infinity Norm (L-infinity) : Min = 5.89e-09, Max = 8.13e-09, Avg = 6.72e-09

=== convID : CONV3, Depth : 2, CipherLevel : 2 ~ 24, iter : 1 === 
startLevel executionTime(sec)
2 0.899298481 
3 1.079870668 
4 1.27188403 
5 1.526769373 
6 2.000890196 
7 2.301167863 
8 2.64542162 
9 2.811039169 
10 3.170962759 
11 3.83858639 
12 4.290899555 
13 4.72525496 
14 5.038949041 
15 5.498446319 
16 6.119155235 
17 6.529807939 
18 6.934901492 
19 7.36511607 
20 7.906604062 
21 9.03947563 
22 9.336170593 
23 9.734177211 
24 10.176759305 
MSE (Mean Squared Error)   : Min = 4.75e-18, Max = 4.98e-18, Avg = 4.88e-18
Relative Error             : Min = 2.34e-09, Max = 1.50e-08, Avg = 6.34e-09
Infinity Norm (L-infinity) : Min = 7.69e-09, Max = 1.20e-08, Avg = 9.67e-09

=== convID : CONV4s2, Depth : 2, CipherLevel : 2 ~ 24, iter : 1 === 
startLevel executionTime(sec)
2 1.765438991 
3 2.039143691 
4 2.265812349 
5 2.67649613 
6 3.616667155 
7 4.352777247 
8 4.862337622 
9 5.005262288 
10 5.563173704 
11 6.941708022 
12 7.47167786 
13 8.009978873 
14 8.552909705 
15 8.911867804 
16 10.779310468 
17 11.665387346 
18 12.322769252 
19 12.976143665 
20 13.756150922 
21 15.712997126 
22 16.489580277 
23 16.737942746 
24 17.360832009 
MSE (Mean Squared Error)   : Min = 6.08e-18, Max = 6.78e-18, Avg = 6.42e-18
Relative Error             : Min = 2.79e-09, Max = 5.98e-09, Avg = 4.31e-09
Infinity Norm (L-infinity) : Min = 8.76e-09, Max = 1.18e-08, Avg = 9.84e-09

=== convID : CONV4, Depth : 2, CipherLevel : 2 ~ 24, iter : 1 === 
startLevel executionTime(sec)
2 1.223209363 
3 1.462318015 
4 1.709935916 
5 2.026786291 
6 2.73167222 
7 3.105822214 
8 3.465361768 
9 3.785679617 
10 4.240187199 
11 5.24963768 
12 5.714468886 
13 6.087902666 
14 6.479260631 
15 7.022290744 
16 8.297469185 
17 8.936829558 
18 9.402637654 
19 9.694088764 
20 10.148085051 
21 11.609577608 
22 12.757699584 
23 13.344787809 
24 13.588783973 
MSE (Mean Squared Error)   : Min = 9.03e-18, Max = 1.00e-17, Avg = 9.55e-18
Relative Error             : Min = 2.39e-09, Max = 5.52e-09, Avg = 4.00e-09
Infinity Norm (L-infinity) : Min = 1.10e-08, Max = 1.44e-08, Avg = 1.24e-08


Rotation Optimized Convolution (for 3-depth consumed) time test started!
=== convID : CONV2, Depth : 3, CipherLevel : 3 ~ 24, iter : 1 === 
startLevel executionTime(sec)
3 0.670766215 
4 0.796182768 
5 0.970433252 
6 1.157347779 
7 1.365556384 
8 1.550418414 
9 1.705907855 
10 2.007263651 
11 2.314575863 
12 2.59662022 
13 2.832039812 
14 3.032443409 
15 3.363429189 
16 3.698161307 
17 3.907538402 
18 4.135956031 
19 4.404489165 
20 4.929480185 
21 5.324164262 
22 5.531497445 
23 5.883656905 
24 6.334042787 
MSE (Mean Squared Error)   : Min = 2.21e-18, Max = 2.28e-18, Avg = 2.25e-18
Relative Error             : Min = 2.12e-09, Max = 2.71e-09, Avg = 2.44e-09
Infinity Norm (L-infinity) : Min = 6.29e-09, Max = 8.85e-09, Avg = 6.94e-09

=== convID : CONV3s2, Depth : 3, CipherLevel : 3 ~ 24, iter : 1 === 
startLevel executionTime(sec)
3 1.25477578 
4 1.550026752 
5 2.009025294 
6 2.516845121 
7 2.547757184 
8 2.869942822 
9 3.159846418 
10 3.667730178 
11 4.443599436 
12 4.868042096 
13 5.242604212 
14 5.387193178 
15 5.860419676 
16 7.02825205 
17 7.560895311 
18 8.04049677 
19 8.420043098 
20 9.06930841 
21 10.140897731 
22 10.778681943 
23 11.190755868 
24 11.406560795 
MSE (Mean Squared Error)   : Min = 2.51e-18, Max = 2.71e-18, Avg = 2.57e-18
Relative Error             : Min = 2.09e-09, Max = 2.98e-09, Avg = 2.56e-09
Infinity Norm (L-infinity) : Min = 5.75e-09, Max = 8.56e-09, Avg = 6.84e-09

=== convID : CONV3, Depth : 3, CipherLevel : 3 ~ 24, iter : 1 === 
startLevel executionTime(sec)
3 0.768943891 
4 0.908009153 
5 1.117248469 
6 1.532673221 
7 1.773101441 
8 1.954224086 
9 2.011772844 
10 2.296755205 
11 2.690009138 
12 2.963089246 
13 3.379022086 
14 3.57199536 
15 3.934215924 
16 4.450611798 
17 4.858255338 
18 5.145751633 
19 5.406895095 
20 5.797485287 
21 6.254354966 
22 6.630970799 
23 7.033241792 
24 7.211994146 
MSE (Mean Squared Error)   : Min = 4.21e-18, Max = 4.51e-18, Avg = 4.35e-18
Relative Error             : Min = 1.88e-09, Max = 2.60e-09, Avg = 2.12e-09
Infinity Norm (L-infinity) : Min = 7.69e-09, Max = 1.08e-08, Avg = 9.03e-09

=== convID : CONV4s2, Depth : 3, CipherLevel : 3 ~ 24, iter : 1 === 
startLevel executionTime(sec)
3 1.321814469 
4 1.595226932 
5 1.935466948 
6 2.359386396 
7 2.927539881 
8 3.734398228 
9 3.478727211 
10 3.920851466 
11 4.469778765 
12 5.339835472 
13 5.878051212 
14 6.331235902 
15 6.869303925 
16 7.590178932 
17 8.399708105 
18 8.705532389 
19 9.062352267 
20 9.717372295 
21 10.480278256 
22 11.78596836 
23 12.649034316 
24 13.201638454 
MSE (Mean Squared Error)   : Min = 6.40e-18, Max = 6.98e-18, Avg = 6.72e-18
Relative Error             : Min = 2.19e-09, Max = 5.22e-09, Avg = 3.15e-09
Infinity Norm (L-infinity) : Min = 8.86e-09, Max = 1.12e-08, Avg = 9.97e-09

=== convID : CONV4, Depth : 3, CipherLevel : 3 ~ 24, iter : 1 === 
startLevel executionTime(sec)
3 0.889272263 
4 1.061016845 
5 1.28417567 
6 1.674545091 
7 2.026306527 
8 2.341494034 
9 2.402049192 
10 2.660593591 
11 3.084211766 
12 3.415083765 
13 3.793998214 
14 4.175490553 
15 4.46596234 
16 4.994893063 
17 5.399969167 
18 6.073075716 
19 6.408357196 
20 6.85588786 
21 7.554963533 
22 8.034016643 
23 8.581738412 
24 9.075153387 
MSE (Mean Squared Error)   : Min = 9.70e-18, Max = 1.04e-17, Avg = 9.99e-18
Relative Error             : Min = 1.72e-09, Max = 2.11e-09, Avg = 1.91e-09
Infinity Norm (L-infinity) : Min = 1.10e-08, Max = 1.40e-08, Avg = 1.25e-08


Rotation Optimized Convolution (for 4-depth consumed) time test started!
=== convID : CONV2, Depth : 4, CipherLevel : 4 ~ 24, iter : 1 === 
startLevel executionTime(sec)
4 0.707001159 
5 0.892220816 
6 1.088614309 
7 1.267379954 
8 1.405927932 
9 1.580215233 
10 1.832944896 
11 2.089495112 
12 2.377560381 
13 2.604650158 
14 2.836136156 
15 3.162850461 
16 3.479148506 
17 3.737922504 
18 3.998340369 
19 4.282353572 
20 4.675330142 
21 5.075919066 
22 5.339722085 
23 5.463821259 
24 5.782267259 
MSE (Mean Squared Error)   : Min = 2.30e-18, Max = 2.44e-18, Avg = 2.36e-18
Relative Error             : Min = 2.45e-09, Max = 4.84e-09, Avg = 3.31e-09
Infinity Norm (L-infinity) : Min = 6.25e-09, Max = 7.90e-09, Avg = 6.97e-09

=== convID : CONV3s2, Depth : 4, CipherLevel : 4 ~ 24, iter : 1 === 
startLevel executionTime(sec)
4 1.282288283 
5 1.807650008 
6 2.04311558 
7 2.25580331 
8 2.574028208 
9 2.912166497 
10 3.353122626 
11 3.803562651 
12 4.221314682 
13 4.422082895 
14 4.792432804 
15 5.317395847 
16 5.88586282 
17 6.355056012 
18 6.890354501 
19 7.263093274 
20 7.859936766 
21 8.515266361 
22 9.00612737 
23 9.708748591 
24 10.458521374 
MSE (Mean Squared Error)   : Min = 2.70e-18, Max = 2.84e-18, Avg = 2.77e-18
Relative Error             : Min = 1.93e-09, Max = 2.78e-09, Avg = 2.30e-09
Infinity Norm (L-infinity) : Min = 6.03e-09, Max = 8.17e-09, Avg = 6.86e-09

=== convID : CONV3, Depth : 4, CipherLevel : 4 ~ 24, iter : 1 === 
startLevel executionTime(sec)
4 0.788508495 
5 0.986841601 
6 1.19530647 
7 1.378073857 
8 1.620111969 
9 1.802568347 
10 2.080298431 
11 2.356404339 
12 2.597219176 
13 2.928497631 
14 3.209227145 
15 3.558986026 
16 3.926110507 
17 4.235800862 
18 4.573182507 
19 4.886914374 
20 5.300688201 
21 5.709536791 
22 5.897408955 
23 6.223946957 
24 6.716473166 
MSE (Mean Squared Error)   : Min = 4.62e-18, Max = 4.93e-18, Avg = 4.73e-18
Relative Error             : Min = 3.23e-09, Max = 1.06e-08, Avg = 5.23e-09
Infinity Norm (L-infinity) : Min = 7.68e-09, Max = 1.05e-08, Avg = 9.18e-09

=== convID : CONV4s2, Depth : 4, CipherLevel : 4 ~ 24, iter : 1 === 
startLevel executionTime(sec)
4 1.359163383 
5 1.714628527 
6 1.963436841 
7 2.277799365 
8 2.676917322 
9 3.335444394 
10 3.522527317 
11 4.04017882 
12 4.429670835 
13 4.76032201 
14 5.16246203 
15 5.69983087 
16 6.296848319 
17 6.797392166 
18 7.320916586 
19 7.874424544 
20 8.443675752 
21 9.065049378 
22 9.809664653 
23 10.275950724 
24 11.275027279 
MSE (Mean Squared Error)   : Min = 5.27e-18, Max = 5.75e-18, Avg = 5.50e-18
Relative Error             : Min = 2.35e-09, Max = 6.39e-09, Avg = 4.44e-09
Infinity Norm (L-infinity) : Min = 8.30e-09, Max = 1.06e-08, Avg = 9.59e-09

=== convID : CONV4, Depth : 4, CipherLevel : 4 ~ 24, iter : 1 === 
startLevel executionTime(sec)
4 0.9043683 
5 1.133768717 
6 1.395423557 
7 1.616321227 
8 1.879312304 
9 2.165085503 
10 2.478733714 
11 2.860870291 
12 3.02492161 
13 3.324683876 
14 3.650557352 
15 4.019795725 
16 4.568092491 
17 4.929154838 
18 5.356448974 
19 5.835634784 
20 6.264460353 
21 6.738810044 
22 7.180855369 
23 7.593421894 
24 8.147307551 
MSE (Mean Squared Error)   : Min = 1.04e-17, Max = 1.12e-17, Avg = 1.07e-17
Relative Error             : Min = 2.03e-09, Max = 4.05e-09, Avg = 2.89e-09
Infinity Norm (L-infinity) : Min = 1.13e-08, Max = 1.66e-08, Avg = 1.30e-08


Rotation Optimized Convolution (for 5-depth consumed) time test started!
=== convID : CONV3s2, Depth : 5, CipherLevel : 5 ~ 24, iter : 1 === 
startLevel executionTime(sec)
5 1.506716426 
6 1.870693963 
7 2.191564369 
8 2.547596365 
9 2.751803857
10 3.172450237 
11 3.672031114 
12 4.073287543 
13 4.429552821 
14 4.741872278 
15 5.251185756 
16 5.710950117 
17 6.131386414 
18 6.546496363 
19 7.023690374 
20 7.80255911 
21 8.33464456 
22 8.81377565 
23 9.468280944 
24 9.713546846 
MSE (Mean Squared Error)   : Min = 2.67e-18, Max = 2.82e-18, Avg = 2.75e-18
Relative Error             : Min = 2.21e-09, Max = 3.72e-09, Avg = 2.78e-09
Infinity Norm (L-infinity) : Min = 6.25e-09, Max = 8.08e-09, Avg = 7.01e-09

=== convID : CONV4s2, Depth : 5, CipherLevel : 5 ~ 24, iter : 1 === 
startLevel executionTime(sec)
5 1.505464043 
6 1.901409088 
7 2.503547433 
8 2.567379344 
9 2.861266287 
10 3.308077213 
11 3.85300922 
12 4.202929963 
13 4.592063554 
14 4.991355035 
15 5.499149232 
16 5.931336028 
17 6.324756794 
18 6.904049413 
19 7.193931748 
20 7.850436694 
21 8.660062235 
22 9.428780105 
23 9.695781669 
24 10.226140586 
MSE (Mean Squared Error)   : Min = 5.38e-18, Max = 5.80e-18, Avg = 5.61e-18
Relative Error             : Min = 2.02e-09, Max = 3.43e-09, Avg = 2.55e-09
Infinity Norm (L-infinity) : Min = 8.39e-09, Max = 1.06e-08, Avg = 9.28e-09


Multiplexed Parallel Convolution time test started!
=== convID : CONV1, Depth : 2, CipherLevel : 2 ~ 24, iter : 1 === 
startLevel executionTime(sec)
2 0.515887322 
3 0.609141782 
4 0.70295837 
5 0.870858967 
6 1.146785452 
7 1.267876806 
8 1.395051486 
9 1.525117992 
10 1.763852274 
11 2.158743305 
12 2.30273212 
13 2.461203433 
14 2.625037002 
15 2.927730249 
16 3.421437788 
17 3.606375619 
18 3.769930796 
19 3.842885204 
20 4.195853663 
21 4.810733453 
22 5.02023604 
23 5.239915631 
24 5.586288981 
MSE (Mean Squared Error)   : Min = 4.35e-19, Max = 4.53e-19, Avg = 4.42e-19
Relative Error             : Min = 2.08e-09, Max = 2.76e-09, Avg = 2.37e-09
Infinity Norm (L-infinity) : Min = 3.04e-09, Max = 4.42e-09, Avg = 3.63e-09

=== convID : CONV2, Depth : 2, CipherLevel : 2 ~ 24, iter : 1 === 
startLevel executionTime(sec)
2 1.047293146 
3 1.242788856 
4 1.44406632 
5 1.714781983 
6 2.355439129 
7 2.600988182 
8 3.073980604 
9 3.36663841 
10 3.519909529 
11 4.433782748 
12 4.727832761 
13 5.060340315 
14 5.380203707 
15 5.875699797 
16 6.790190413 
17 7.127064951 
18 7.521101257 
19 7.885352569 
20 8.368802142 
21 9.664595707 
22 10.419681916 
23 10.996052353 
24 11.436869879 
MSE (Mean Squared Error)   : Min = 1.80e-18, Max = 1.86e-18, Avg = 1.84e-18
Relative Error             : Min = 1.72e-09, Max = 2.99e-09, Avg = 2.19e-09
Infinity Norm (L-infinity) : Min = 5.41e-09, Max = 7.94e-09, Avg = 6.35e-09

=== convID : CONV3s2, Depth : 2, CipherLevel : 2 ~ 24, iter : 1 === 
startLevel executionTime(sec)
2 1.954399398 
3 2.319708416 
4 2.693847863 
5 3.139836722 
6 4.602887 
7 5.1589914 
8 5.683467378 
9 6.212438961 
10 6.255998133 
11 7.970297863 
12 8.581669861 
13 9.115476223 
14 9.979723205 
15 10.86802571 
16 13.147627211 
17 13.68907684 
18 14.167607749 
19 14.823724097 
20 15.635202438 
21 18.149933728 
22 18.824693821 
23 19.921884019 
24 20.83119263 
MSE (Mean Squared Error)   : Min = 1.87e-18, Max = 1.96e-18, Avg = 1.91e-18
Relative Error             : Min = 1.80e-09, Max = 7.07e-09, Avg = 3.56e-09
Infinity Norm (L-infinity) : Min = 5.19e-09, Max = 6.80e-09, Avg = 5.98e-09

=== convID : CONV3, Depth : 2, CipherLevel : 2 ~ 24, iter : 1 === 
startLevel executionTime(sec)
2 1.527499865 
3 1.849333212 
4 2.145876502 
5 2.52829791 
6 3.496552583 
7 3.717611783 
8 3.873133412 
9 4.24235323 
10 4.71316223 
11 6.00410563 
12 6.409642226 
13 6.964886161 
14 7.67594669 
15 8.224358223 
16 9.931609553 
17 10.444788354 
18 11.018562427 
19 11.38761396 
20 11.890555576 
21 13.938459615 
22 14.455663045 
23 15.150976155 
24 15.718281484 
MSE (Mean Squared Error)   : Min = 3.45e-18, Max = 3.66e-18, Avg = 3.56e-18
Relative Error             : Min = 2.16e-09, Max = 4.42e-09, Avg = 2.90e-09
Infinity Norm (L-infinity) : Min = 7.09e-09, Max = 9.38e-09, Avg = 8.02e-09

=== convID : CONV4s2, Depth : 2, CipherLevel : 2 ~ 24, iter : 1 === 
startLevel executionTime(sec)
2 2.750096046 
3 3.265335871 
4 3.792675515 
5 4.382883975 
6 6.45148298 
7 7.202297213 
8 7.702777286 
9 7.994078687 
10 8.79731433 
11 11.324678759 
12 12.089567085 
13 12.933891761 
14 14.240180418 
15 15.445043715 
16 18.833925339 
17 19.79166126 
18 20.888717446 
19 22.023480869 
20 23.263806804 
21 27.329172705 
22 28.423548275 
23 29.635589195 
24 30.867690868 
MSE (Mean Squared Error)   : Min = 3.58e-18, Max = 3.93e-18, Avg = 3.78e-18
Relative Error             : Min = 1.71e-09, Max = 3.20e-09, Avg = 2.22e-09
Infinity Norm (L-infinity) : Min = 6.79e-09, Max = 1.02e-08, Avg = 7.97e-09

=== convID : CONV4, Depth : 2, CipherLevel : 2 ~ 24, iter : 1 === 
startLevel executionTime(sec)
2 2.172196284 
3 2.566385931 
4 2.980590306 
5 3.445368527 
6 4.887190114 
7 5.394528195 
8 5.953450197 
9 6.523698541 
10 7.226366353 
11 9.13736125 
12 9.828046009 
13 10.490216545 
14 11.177130484 
15 12.019858246 
16 14.587431952 
17 15.363748567 
18 16.200654715 
19 17.091652107 
20 18.146900595 
21 21.330647797 
22 22.205358474 
23 23.144930696 
24 23.095234668 
MSE (Mean Squared Error)   : Min = 6.52e-18, Max = 7.25e-18, Avg = 6.81e-18
Relative Error             : Min = 1.67e-09, Max = 2.39e-09, Avg = 2.03e-09
Infinity Norm (L-infinity) : Min = 9.21e-09, Max = 1.19e-08, Avg = 1.04e-08