args :  [otherConv]
기존꺼로 돌림
Multiplexed Parallel Convolution (for complex AI model) time test started!
=== convID : CvTCifar100Stage2, Depth : 2, CipherLevel : 2 ~ 24, iter : 1 === 
startLevel executionTime(sec)
2 6.327096946 
3 7.528282892 
4 8.773207507 
5 10.054642195 
6 14.292684817 
7 15.204253802 
8 16.826763442 
9 18.462100304 
10 19.514079094 
11 25.271085765 
12 26.908033094 
13 28.694742715 
14 30.579715558 
15 32.550221428 
16 39.83178076 
17 42.02532527 
18 44.377727519 
19 46.767737953 
20 49.450874405 
21 58.614026873 
22 60.748599164 
23 65.598286191 
24 68.718498743 
MSE (Mean Squared Error)   : Min = 6.86e-18, Max = 7.29e-18, Avg = 7.05e-18
Relative Error             : Min = 2.92e-09, Max = 1.30e-08, Avg = 8.01e-09
Infinity Norm (L-infinity) : Min = 8.47e-09, Max = 1.27e-08, Avg = 1.03e-08

=== convID : CvTCifar100Stage3, Depth : 2, CipherLevel : 2 ~ 24, iter : 1 === 
startLevel executionTime(sec)
2 16.586664266 
3 16.573545383 
4 18.828233765 
5 21.430247828 
6 35.278554408 
7 35.401257428 
8 39.083020429 
9 42.588405883 
10 46.861157013 
11 66.00939049 
12 63.514946126 
13 68.062955302 
14 70.56828823 
15 76.105337583 
16 102.842356485 
17 96.329887612 
18 101.184509076 
19 108.429626626 
20 114.462246972 
21 145.695718286 
22 143.761171022 
23 148.833227649 
24 150.613576096 
MSE (Mean Squared Error)   : Min = 2.02e-17, Max = 2.40e-17, Avg = 2.22e-17
Relative Error             : Min = 2.82e-09, Max = 1.38e-08, Avg = 6.84e-09
Infinity Norm (L-infinity) : Min = 1.45e-08, Max = 1.93e-08, Avg = 1.65e-08

signal: killed
