CKKS parameter set as : default

Rotation Optimized Convolution (for 2-depth consumed) time test started!
=== convID : CONV1, Depth : 2, CipherLevel : 2 ~ 24, iter : 1 === 
startLevel executionTime(sec)
2 0.303164592 
3 0.354782375 
4 0.41362018 
5 0.543442919 
6 0.642129735 
7 0.732205258 
8 0.805702447 
9 0.881543063 
10 1.062718614 
11 1.125910906 
12 1.232203046 
13 1.317050622 
14 1.404074224 
15 1.628113642 
16 1.78308448 
17 2.004402207 
18 2.025946315 
19 2.137058447 
20 2.390958171 
21 2.577264302 
22 2.733468163 
23 2.74931621 
24 2.860006786 
MSE (Mean Squared Error)   : Min = 5.22e-19, Max = 5.39e-19, Avg = 5.30e-19
Relative Error             : Min = 2.52e-09, Max = 4.86e-09, Avg = 3.43e-09
Infinity Norm (L-infinity) : Min = 3.34e-09, Max = 4.58e-09, Avg = 3.81e-09

=== convID : CONV2, Depth : 2, CipherLevel : 2 ~ 24, iter : 1 === 
startLevel executionTime(sec)
2 0.692652818 
3 0.830450438 
4 0.970620254 
5 1.316055305 
6 1.706001598 
7 1.927095209 
8 2.134134504 
9 2.116204403 
10 2.411152405 
11 3.006667201 
12 3.185192458 
13 3.53726061 
14 3.770092018 
15 4.139925875 
16 4.797518417 
17 5.096938171 
18 5.360881407 
19 5.626083062 
20 6.079979654 
21 6.875045015 
22 7.234488901 
23 7.415624695 
24 7.619012586 
MSE (Mean Squared Error)   : Min = 2.02e-18, Max = 2.16e-18, Avg = 2.08e-18
Relative Error             : Min = 2.30e-09, Max = 4.36e-09, Avg = 3.18e-09
Infinity Norm (L-infinity) : Min = 5.83e-09, Max = 7.84e-09, Avg = 6.55e-09

=== convID : CONV3s2, Depth : 2, CipherLevel : 2 ~ 24, iter : 1 === 
startLevel executionTime(sec)
2 1.440139884 
3 1.765300858 
4 2.231295254 
5 2.627803684 
6 3.44685422 
7 3.582054263 
8 3.960730443 
9 4.35771163 
10 4.854011351 
11 6.058374579 
12 6.530140643 
13 7.033174635 
14 7.509390984 
15 8.262299543 
16 10.050494214 
17 10.456290966 
18 10.731120579 
19 11.581913376 
20 12.596939013 
21 14.541661775 
22 15.234101456 
23 15.324426107 
24 15.937099792 
MSE (Mean Squared Error)   : Min = 2.41e-18, Max = 2.59e-18, Avg = 2.49e-18
Relative Error             : Min = 2.04e-09, Max = 3.24e-09, Avg = 2.50e-09
Infinity Norm (L-infinity) : Min = 5.90e-09, Max = 8.14e-09, Avg = 6.64e-09

=== convID : CONV3, Depth : 2, CipherLevel : 2 ~ 24, iter : 1 === 
startLevel executionTime(sec)
2 0.953034605 
3 1.150273025 
4 1.324171705 
5 1.596954497 
6 2.090256889 
7 2.398598182 
8 2.654131915 
9 2.933298565 
10 3.339507037 
11 3.979861759 
12 4.378091381 
13 4.693583961 
14 5.097955036 
15 5.359820083 
16 6.085735227 
17 6.588339825 
18 6.952140192 
19 7.443228405 
20 8.146789806 
21 9.226037323 
22 9.416229747 
23 9.814990424 
24 10.620606529 
MSE (Mean Squared Error)   : Min = 4.79e-18, Max = 5.02e-18, Avg = 4.88e-18
Relative Error             : Min = 2.97e-09, Max = 4.81e-09, Avg = 3.87e-09
Infinity Norm (L-infinity) : Min = 7.87e-09, Max = 1.11e-08, Avg = 9.33e-09

=== convID : CONV4s2, Depth : 2, CipherLevel : 2 ~ 24, iter : 1 === 
startLevel executionTime(sec)
2 1.600638697 
3 1.926399857 
4 2.264776694 
5 2.70221253 
6 3.856450436 
7 4.378733314 
8 4.528072355 
9 4.958520444 
10 5.534077934 
11 6.682703407 
12 7.297306163 
13 7.698064547 
14 8.597445036 
15 9.231777315 
16 10.903123723 
17 11.622766876 
18 11.840720756 
19 12.596357107 
20 13.749380511 
21 15.720732662 
22 16.438719113 
23 16.740830689 
24 17.825201019 
MSE (Mean Squared Error)   : Min = 6.23e-18, Max = 6.67e-18, Avg = 6.41e-18
Relative Error             : Min = 1.86e-09, Max = 2.47e-09, Avg = 2.13e-09
Infinity Norm (L-infinity) : Min = 8.78e-09, Max = 1.10e-08, Avg = 9.90e-09

=== convID : CONV4, Depth : 2, CipherLevel : 2 ~ 24, iter : 1 === 
startLevel executionTime(sec)
2 1.222539767 
3 1.465274136 
4 1.719432803 
5 2.034485565 
6 2.716508472 
7 2.989139268 
8 3.306526733 
9 3.640930561 
10 4.064693929 
11 5.027803613 
12 5.479814566 
13 5.856423719 
14 6.251030974 
15 6.889833256 
16 8.279660442 
17 8.909691294 
18 9.433304328 
19 9.871110248 
20 10.550557923 
21 11.857627062 
22 12.307135675 
23 12.746559671 
24 13.313020169 
MSE (Mean Squared Error)   : Min = 8.96e-18, Max = 9.90e-18, Avg = 9.41e-18
Relative Error             : Min = 1.82e-09, Max = 2.30e-09, Avg = 2.10e-09
Infinity Norm (L-infinity) : Min = 9.67e-09, Max = 1.47e-08, Avg = 1.20e-08


Rotation Optimized Convolution (for 3-depth consumed) time test started!
=== convID : CONV2, Depth : 3, CipherLevel : 3 ~ 24, iter : 1 === 
startLevel executionTime(sec)
3 0.675688074 
4 0.792016865 
5 0.990513555 
6 1.194873433 
7 1.411459582 
8 1.618797586 
9 1.765600006 
10 2.037306023 
11 2.314664704 
12 2.575521156 
13 2.726465802 
14 2.909187364 
15 3.229958669 
16 3.694581758 
17 4.040173086 
18 4.329490593 
19 4.556211532 
20 4.955646055 
21 5.342102817 
22 5.738345834 
23 6.128886021 
24 6.296897353 
MSE (Mean Squared Error)   : Min = 2.20e-18, Max = 2.31e-18, Avg = 2.25e-18
Relative Error             : Min = 1.93e-09, Max = 2.86e-09, Avg = 2.34e-09
Infinity Norm (L-infinity) : Min = 6.11e-09, Max = 8.83e-09, Avg = 6.90e-09

=== convID : CONV3s2, Depth : 3, CipherLevel : 3 ~ 24, iter : 1 === 
startLevel executionTime(sec)
3 1.346002298 
4 1.435022077 
5 1.72783073 
6 2.236676515 
7 2.627452639 
8 3.227918577 
9 3.296456013 
10 3.709303465 
11 4.441081447 
12 4.830616884 
13 5.259906127 
14 5.650311676 
15 5.922809783 
16 6.807069404 
17 7.333510317 
18 7.752089116 
19 8.192946366 
20 8.778851133 
21 9.839779799 
22 10.516605493 
23 11.357553566 
24 11.531019996 
MSE (Mean Squared Error)   : Min = 2.50e-18, Max = 2.68e-18, Avg = 2.57e-18
Relative Error             : Min = 2.45e-09, Max = 2.92e-09, Avg = 2.65e-09
Infinity Norm (L-infinity) : Min = 6.03e-09, Max = 8.73e-09, Avg = 6.90e-09

=== convID : CONV3, Depth : 3, CipherLevel : 3 ~ 24, iter : 1 === 
startLevel executionTime(sec)
3 0.816781839 
4 0.931583301 
5 1.14716199 
6 1.44319655 
7 1.660736719 
8 1.885417559 
9 2.077634588 
10 2.442905609 
11 2.768413471 
12 3.048588544 
13 3.332092372 
14 3.552121118 
15 3.93979486 
16 4.445613905 
17 4.790481254 
18 5.064400092 
19 5.228971677 
20 5.652672388 
21 6.329951073 
22 6.843422245 
23 7.230600632 
24 7.345255176 
MSE (Mean Squared Error)   : Min = 4.20e-18, Max = 4.46e-18, Avg = 4.31e-18
Relative Error             : Min = 3.23e-09, Max = 9.15e-09, Avg = 5.34e-09
Infinity Norm (L-infinity) : Min = 7.62e-09, Max = 9.96e-09, Avg = 8.48e-09

=== convID : CONV4s2, Depth : 3, CipherLevel : 3 ~ 24, iter : 1 === 
startLevel executionTime(sec)
3 1.332620144 
4 1.588253804 
5 2.054746401 
6 2.707753775 
7 3.188898365 
8 3.135771398 
9 3.462270381 
10 3.900357873 
11 4.578402513 
12 5.336899558 
13 5.846671019 
14 6.03411188 
15 6.520874407 
16 7.363806992 
17 8.316297859 
18 8.91911889 
19 9.397577039 
20 9.907022456 
21 10.722103611 
22 11.873933753 
23 12.25830065 
24 12.657818455 
MSE (Mean Squared Error)   : Min = 6.52e-18, Max = 7.05e-18, Avg = 6.82e-18
Relative Error             : Min = 1.94e-09, Max = 2.79e-09, Avg = 2.35e-09
Infinity Norm (L-infinity) : Min = 8.85e-09, Max = 1.19e-08, Avg = 1.03e-08

=== convID : CONV4, Depth : 3, CipherLevel : 3 ~ 24, iter : 1 === 
startLevel executionTime(sec)
3 0.915476447 
4 1.079044604 
5 1.325777153 
6 1.648107855 
7 1.850325355 
8 2.103103764 
9 2.310786088 
10 2.631307225 
11 3.052305667 
12 3.38459072 
13 3.780659374 
14 4.038343745 
15 4.573372762 
16 5.050704109 
17 5.46300424 
18 6.014423848 
19 6.412261134 
20 6.88962796 
21 7.563841918 
22 8.050298413 
23 8.526184258 
24 8.611481967 
MSE (Mean Squared Error)   : Min = 9.29e-18, Max = 1.04e-17, Avg = 9.88e-18
Relative Error             : Min = 2.62e-09, Max = 8.50e-09, Avg = 4.66e-09
Infinity Norm (L-infinity) : Min = 1.08e-08, Max = 1.50e-08, Avg = 1.24e-08


Rotation Optimized Convolution (for 4-depth consumed) time test started!
=== convID : CONV2, Depth : 4, CipherLevel : 4 ~ 24, iter : 1 === 
startLevel executionTime(sec)
4 0.724257584 
5 0.91253774 
6 1.084907961 
7 1.255861074 
8 1.4148769 
9 1.596004198 
10 1.890162334 
11 2.179869128 
12 2.400668911 
13 2.603335534 
14 2.770885959 
15 3.045585183 
16 3.354338118 
17 3.778436669 
18 4.015328515 
19 4.192032394 
20 4.469730369 
21 4.833278376 
22 5.115671057 
23 5.395801465 
24 5.768750144 
MSE (Mean Squared Error)   : Min = 2.29e-18, Max = 2.41e-18, Avg = 2.35e-18
Relative Error             : Min = 1.91e-09, Max = 2.31e-09, Avg = 2.13e-09
Infinity Norm (L-infinity) : Min = 6.04e-09, Max = 7.95e-09, Avg = 6.98e-09

=== convID : CONV3s2, Depth : 4, CipherLevel : 4 ~ 24, iter : 1 === 
startLevel executionTime(sec)
4 1.241085704 
5 1.702057805 
6 2.002304164 
7 2.155567567 
8 2.469593473 
9 2.885836406 
10 3.349574164 
11 3.799517007 
12 4.196894316 
13 4.457609532 
14 4.832785289 
15 5.484247644 
16 6.068547431 
17 6.533348042 
18 7.103980252 
19 7.492001814 
20 7.983749475 
21 8.503153859 
22 9.076036522 
23 9.767662381 
24 10.483581337 
MSE (Mean Squared Error)   : Min = 2.65e-18, Max = 2.92e-18, Avg = 2.78e-18
Relative Error             : Min = 2.64e-09, Max = 1.88e-08, Avg = 7.86e-09
Infinity Norm (L-infinity) : Min = 6.37e-09, Max = 7.83e-09, Avg = 7.02e-09

=== convID : CONV3, Depth : 4, CipherLevel : 4 ~ 24, iter : 1 === 
startLevel executionTime(sec)
4 0.817719084 
5 1.024854893 
6 1.239728698 
7 1.428767776 
8 1.622872652 
9 1.80512474 
10 2.048177817 
11 2.323171911 
12 2.555487587 
13 2.852033674 
14 3.123703282 
15 3.464222152 
16 3.787620786 
17 4.033355186 
18 4.365523558 
19 4.75864002 
20 5.297902696 
21 5.711937869 
22 6.053987301 
23 6.43039064 
24 6.801835342 
MSE (Mean Squared Error)   : Min = 4.54e-18, Max = 4.86e-18, Avg = 4.73e-18
Relative Error             : Min = 2.41e-09, Max = 7.66e-09, Avg = 4.93e-09
Infinity Norm (L-infinity) : Min = 8.01e-09, Max = 1.14e-08, Avg = 9.32e-09

=== convID : CONV4s2, Depth : 4, CipherLevel : 4 ~ 24, iter : 1 === 
startLevel executionTime(sec)
4 1.357717027 
5 1.70884719 
6 2.043698439 
7 2.376439507 
8 2.86352107 
9 3.410822505 
10 3.515039426 
11 4.035273717 
12 4.456553321 
13 4.798712514 
14 5.210821721 
15 5.707438041 
16 6.299046215 
17 6.920705425 
18 7.583743166 
19 7.910436173 
20 8.394120377 
21 9.091277721 
22 9.853304481 
23 10.719118514 
24 11.304804546 
MSE (Mean Squared Error)   : Min = 5.25e-18, Max = 5.68e-18, Avg = 5.46e-18
Relative Error             : Min = 2.35e-09, Max = 4.35e-09, Avg = 3.15e-09
Infinity Norm (L-infinity) : Min = 8.26e-09, Max = 1.14e-08, Avg = 9.41e-09

=== convID : CONV4, Depth : 4, CipherLevel : 4 ~ 24, iter : 1 === 
startLevel executionTime(sec)
4 0.939767572 
5 1.169957264 
6 1.40518761 
7 1.621498228 
8 1.888306393 
9 2.174490399 
10 2.496566907 
11 2.924437975 
12 3.102758564 
13 3.445792418 
14 3.81610595 
15 4.264790136 
16 4.645278538 
17 4.956915009 
18 5.379101771 
19 5.8384164 
20 6.293182532 
21 6.766313991 
22 6.947942537 
23 7.414488854 
24 7.941090053 
MSE (Mean Squared Error)   : Min = 1.02e-17, Max = 1.11e-17, Avg = 1.07e-17
Relative Error             : Min = 1.98e-09, Max = 5.05e-09, Avg = 2.98e-09
Infinity Norm (L-infinity) : Min = 1.14e-08, Max = 1.49e-08, Avg = 1.31e-08


Rotation Optimized Convolution (for 5-depth consumed) time test started!
=== convID : CONV3s2, Depth : 5, CipherLevel : 5 ~ 24, iter : 1 === 
startLevel executionTime(sec)
5 1.515326779 
6 1.877334882 
7 2.208540373 
8 2.478987652 
9 2.760102782 
10 3.160109447 
11 3.529834319 
12 3.908239236 
13 4.385058949 
14 4.753983568 
15 5.327057389 
16 5.90270968 
17 6.284682749 
18 6.555067764 
19 6.952775804 
20 7.48851535 
21 8.182924562 
22 8.754138591 
23 9.342106997 
24 10.026164485 
MSE (Mean Squared Error)   : Min = 2.74e-18, Max = 2.93e-18, Avg = 2.83e-18
Relative Error             : Min = 2.94e-09, Max = 8.44e-09, Avg = 5.84e-09
Infinity Norm (L-infinity) : Min = 6.47e-09, Max = 9.01e-09, Avg = 7.13e-09

=== convID : CONV4s2, Depth : 5, CipherLevel : 5 ~ 24, iter : 1 === 
startLevel executionTime(sec)
5 1.502870619 
6 2.074992719 
7 2.518037567 
8 2.585077959 
9 2.732229733 
10 3.155706709 
11 3.65971327 
12 4.196545529 
13 4.559572704 
14 4.965108606 
15 5.513048737 
16 6.078971154 
17 6.413620726 
18 7.016587653 
19 7.5244838 
20 7.931517192 
21 8.630755813 
22 9.489811503 
23 9.790586223 
24 10.19423801 
MSE (Mean Squared Error)   : Min = 5.39e-18, Max = 5.81e-18, Avg = 5.59e-18
Relative Error             : Min = 2.50e-09, Max = 4.53e-09, Avg = 3.18e-09
Infinity Norm (L-infinity) : Min = 8.35e-09, Max = 1.06e-08, Avg = 9.40e-09


Multiplexed Parallel Convolution time test started!
=== convID : CONV1, Depth : 2, CipherLevel : 2 ~ 24, iter : 1 === 
startLevel executionTime(sec)
2 0.498122074 
3 0.608731885 
4 0.703160662 
5 0.871674584 
6 1.143747365 
7 1.267279568 
8 1.395942364 
9 1.527255468 
10 1.768598586 
11 2.152705316 
12 2.313905603 
13 2.467236384 
14 2.627162991 
15 2.929157424 
16 3.41810373 
17 3.605350289 
18 3.804029579 
19 3.992719235 
20 4.391479052 
21 4.976947067 
22 5.18340626 
23 5.416068529 
24 5.630652937 
MSE (Mean Squared Error)   : Min = 4.15e-19, Max = 4.31e-19, Avg = 4.22e-19
Relative Error             : Min = 2.06e-09, Max = 5.39e-09, Avg = 3.32e-09
Infinity Norm (L-infinity) : Min = 2.83e-09, Max = 5.11e-09, Avg = 3.56e-09

=== convID : CONV2, Depth : 2, CipherLevel : 2 ~ 24, iter : 1 === 
startLevel executionTime(sec)
2 0.997344902 
3 1.197513543 
4 1.378284215 
5 1.750016905 
6 2.399347863 
7 2.654719709 
8 2.910938323 
9 3.016441848 
10 3.369899235 
11 4.255000195 
12 4.554765213 
13 4.883445644 
14 5.366152645 
15 5.825512644 
16 6.975784161 
17 7.337906195 
18 7.582147219 
19 7.844912851 
20 8.40014391 
21 9.919597457 
22 10.079340905 
23 10.541018837 
24 11.513865742 
MSE (Mean Squared Error)   : Min = 1.76e-18, Max = 1.85e-18, Avg = 1.81e-18
Relative Error             : Min = 2.17e-09, Max = 3.48e-09, Avg = 2.70e-09
Infinity Norm (L-infinity) : Min = 5.21e-09, Max = 6.68e-09, Avg = 6.01e-09

=== convID : CONV3s2, Depth : 2, CipherLevel : 2 ~ 24, iter : 1 === 
startLevel executionTime(sec)
2 1.929298668 
3 2.236421486 
4 2.596695622 
5 3.026330174 
6 4.243280134 
7 4.834629598 
8 5.48783539 
9 6.303979534 
10 6.659479643 
11 8.287239131 
12 8.850567159 
13 9.467637342 
14 10.113695237 
15 10.843685425 
16 13.136491773 
17 13.802162932 
18 14.513109535 
19 15.317337668 
20 16.129987544 
21 18.126231234 
22 18.805922007 
23 20.361585137 
24 21.509513211 
MSE (Mean Squared Error)   : Min = 1.89e-18, Max = 2.01e-18, Avg = 1.95e-18
Relative Error             : Min = 1.74e-09, Max = 5.52e-09, Avg = 3.60e-09
Infinity Norm (L-infinity) : Min = 5.32e-09, Max = 8.05e-09, Avg = 6.06e-09

=== convID : CONV3, Depth : 2, CipherLevel : 2 ~ 24, iter : 1 === 
startLevel executionTime(sec)
2 1.413014178 
3 1.676160154 
4 1.946064776 
5 2.284533388 
6 3.188154856 
7 3.523037278 
8 3.888803606 
9 4.262439558 
10 4.897256319 
11 6.303529526 
12 6.496361619 
13 6.811348385 
14 7.255882799 
15 7.852934106 
16 9.549800739 
17 10.072596382 
18 10.637393581 
19 11.191713336 
20 11.892844319 
21 14.139452522 
22 14.8691522 
23 15.498303723 
24 16.139061314 
MSE (Mean Squared Error)   : Min = 3.46e-18, Max = 3.74e-18, Avg = 3.59e-18
Relative Error             : Min = 2.26e-09, Max = 4.10e-09, Avg = 3.07e-09
Infinity Norm (L-infinity) : Min = 6.85e-09, Max = 8.73e-09, Avg = 7.72e-09

=== convID : CONV4s2, Depth : 2, CipherLevel : 2 ~ 24, iter : 1 === 
startLevel executionTime(sec)
2 2.885591334 
3 3.439794637 
4 4.026170672 
5 4.665349028 
6 6.184563367 
7 6.633018479 
8 7.32623652 
9 8.031165876 
10 8.840868731 
11 11.402944412 
12 12.529401428 
13 13.530597129 
14 14.418002274 
15 15.388789827 
16 18.732481136 
17 19.732382717 
18 20.950129341 
19 22.05040688 
20 23.303282653 
21 26.962939342 
22 27.651040214 
23 28.654213094 
24 30.168305334 
MSE (Mean Squared Error)   : Min = 3.66e-18, Max = 3.89e-18, Avg = 3.79e-18
Relative Error             : Min = 1.79e-09, Max = 2.48e-09, Avg = 2.03e-09
Infinity Norm (L-infinity) : Min = 6.85e-09, Max = 9.22e-09, Avg = 7.83e-09

=== convID : CONV4, Depth : 2, CipherLevel : 2 ~ 24, iter : 1 === 
startLevel executionTime(sec)
2 2.140940922 
3 2.432600206 
4 2.827964685 
5 3.280423607 
6 4.647918673 
7 5.129918893 
8 5.661653232 
9 6.193305694 
10 6.841550399 
11 8.91609176 
12 9.5293643 
13 10.204201885 
14 10.857467704 
15 11.635238993 
16 14.146572284 
17 14.866700781 
18 15.674681824 
19 16.500226434 
20 17.990942395 
21 21.146905055 
22 21.179856801 
23 22.269769849 
24 23.248291231 
MSE (Mean Squared Error)   : Min = 6.65e-18, Max = 7.12e-18, Avg = 6.89e-18
Relative Error             : Min = 1.51e-09, Max = 3.19e-09, Avg = 2.27e-09
Infinity Norm (L-infinity) : Min = 9.03e-09, Max = 1.16e-08, Avg = 1.01e-08


Rotation Optimized Convolution (for 2-depth consumed, complex AI model) time test started!
CKKS parameter set as : PN15QP880CI
=== convID : MUSE_PyramidGenConv, Depth : 2, CipherLevel : 2 ~ 17, iter : 1 === 
startLevel executionTime(sec)
2 29.412128578 
3 35.882306743 
4 54.544760689 
5 63.138696372 
6 70.366603693 
7 102.182889571 
8 108.141156686 
9 122.125154651 
10 155.298562784 
11 167.031652555 
12 184.533862163 
13 231.449590312 
14 240.06174127 
15 250.329554914 
16 307.00885771 
17 323.002619319 
MSE (Mean Squared Error)   : Min = 4.21e-13, Max = 4.31e-13, Avg = 4.26e-13
Relative Error             : Min = 4.12e-07, Max = 1.91e-06, Avg = 9.72e-07
Infinity Norm (L-infinity) : Min = 2.59e-06, Max = 3.36e-06, Avg = 2.93e-06


Rotation Optimized Convolution (for 3-depth consumed, complex AI model) time test started!
CKKS parameter set as : PN15QP880CI
=== convID : MUSE_PyramidGenConv, Depth : 3, CipherLevel : 3 ~ 17, iter : 1 === 
startLevel executionTime(sec)
3 17.703741068 
4 22.837368438 
5 30.127578945 
6 33.518106365 
7 41.922753234 
8 50.129379898 
9 53.833306095 
10 66.014584707 
11 77.65609902 
12 83.440601091 
13 95.285177284 
14 105.966597185 
15 112.011273701 
16 127.196930384 
17 145.928974119 
MSE (Mean Squared Error)   : Min = 4.40e-13, Max = 4.54e-13, Avg = 4.46e-13
Relative Error             : Min = 2.16e-07, Max = 2.93e-07, Avg = 2.50e-07
Infinity Norm (L-infinity) : Min = 2.57e-06, Max = 3.33e-06, Avg = 2.99e-06


Rotation Optimized Convolution (for 4-depth consumed, complex AI model) time test started!
CKKS parameter set as : PN15QP880CI
=== convID : MUSE_PyramidGenConv, Depth : 4, CipherLevel : 4 ~ 17, iter : 1 === 
startLevel executionTime(sec)
4 17.964181903 
5 22.191722473 
6 25.803743225 
7 31.797501256 
8 37.735192105 
9 42.82106304 
10 49.552644314 
11 57.483737419 
12 63.348913232 
13 72.805001561 
14 79.984342619 
15 88.306193068 
16 95.853184866 
17 108.679718602 
MSE (Mean Squared Error)   : Min = 4.82e-13, Max = 4.92e-13, Avg = 4.87e-13
Relative Error             : Min = 2.17e-07, Max = 9.64e-07, Avg = 5.67e-07
Infinity Norm (L-infinity) : Min = 2.91e-06, Max = 3.51e-06, Avg = 3.13e-06


Rotation Optimized Convolution (for 5-depth consumed, complex AI model) time test started!
CKKS parameter set as : PN15QP880CI
=== convID : MUSE_PyramidGenConv, Depth : 5, CipherLevel : 5 ~ 17, iter : 1 === 
startLevel executionTime(sec)
5 18.702031876 
6 23.587109507 
7 27.656642024 
8 31.816884545 
9 36.516173441 
10 44.576827292 
11 48.973276911 
12 54.011199605 
13 62.440938347 
14 68.340509438 
15 77.465173504 
16 85.007355088 
17 92.793906644 
MSE (Mean Squared Error)   : Min = 5.00e-13, Max = 5.07e-13, Avg = 5.03e-13
Relative Error             : Min = 2.09e-07, Max = 3.12e-07, Avg = 2.57e-07
Infinity Norm (L-infinity) : Min = 2.92e-06, Max = 3.48e-06, Avg = 3.13e-06


Rotation Optimized Convolution (for 6-depth consumed, complex AI model) time test started!
CKKS parameter set as : PN15QP880CI
=== convID : MUSE_PyramidGenConv, Depth : 6, CipherLevel : 6 ~ 17, iter : 1 === 
startLevel executionTime(sec)
6 22.395361282 
7 27.380742571 
8 30.477244876 
9 35.6635443 
10 42.733188693 
11 48.097867393 
12 51.714701639 
13 60.440140204 
14 67.142459795 
15 71.705886289 
16 79.717969184 
17 89.202588758 
MSE (Mean Squared Error)   : Min = 5.08e-13, Max = 5.26e-13, Avg = 5.18e-13
Relative Error             : Min = 2.31e-07, Max = 9.09e-07, Avg = 5.42e-07
Infinity Norm (L-infinity) : Min = 2.78e-06, Max = 3.86e-06, Avg = 3.14e-06


Rotation Optimized Convolution (for 7-depth consumed, complex AI model) time test started!
CKKS parameter set as : PN15QP880CI
=== convID : MUSE_PyramidGenConv, Depth : 7, CipherLevel : 7 ~ 17, iter : 1 === 
startLevel executionTime(sec)
7 29.452378533 
8 30.827250236 
9 34.034532242 
10 40.433950644 
11 47.509290846 
12 50.967838285 
13 58.663966125 
14 63.965320895 
15 69.659165513 
16 79.372974183 
17 87.773923857 
MSE (Mean Squared Error)   : Min = 5.11e-13, Max = 5.21e-13, Avg = 5.16e-13
Relative Error             : Min = 1.98e-07, Max = 3.17e-07, Avg = 2.40e-07
Infinity Norm (L-infinity) : Min = 2.83e-06, Max = 3.51e-06, Avg = 3.14e-06


Rotation Optimized Convolution (for 8-depth consumed, complex AI model) time test started!
CKKS parameter set as : PN15QP880CI
=== convID : MUSE_PyramidGenConv, Depth : 8, CipherLevel : 8 ~ 17, iter : 1 === 
startLevel executionTime(sec)
8 32.449743062 
9 34.932435685 
10 41.611739938 
11 46.75883356 
12 51.596388613 
13 59.622193757 
14 64.665696845 
15 70.952464614 
16 77.0194937 
17 84.423106692 
MSE (Mean Squared Error)   : Min = 5.18e-13, Max = 5.32e-13, Avg = 5.26e-13
Relative Error             : Min = 1.72e-07, Max = 2.11e-07, Avg = 1.90e-07
Infinity Norm (L-infinity) : Min = 3.04e-06, Max = 3.85e-06, Avg = 3.34e-06


Rotation Optimized Convolution (for 9-depth consumed, complex AI model) time test started!
CKKS parameter set as : PN15QP880CI
=== convID : MUSE_PyramidGenConv, Depth : 9, CipherLevel : 9 ~ 17, iter : 1 === 
startLevel executionTime(sec)
9 36.910331474 
10 40.780756165 
11 46.150280261 
12 52.256137514 
13 57.916632169 
14 64.930608694 
15 70.215777142 
16 80.215971914 
17 84.885403815 
MSE (Mean Squared Error)   : Min = 5.21e-13, Max = 5.35e-13, Avg = 5.29e-13
Relative Error             : Min = 2.69e-07, Max = 5.74e-07, Avg = 4.67e-07
Infinity Norm (L-infinity) : Min = 3.05e-06, Max = 3.31e-06, Avg = 3.20e-06


Rotation Optimized Convolution (for 10-depth consumed, complex AI model) time test started!
CKKS parameter set as : PN15QP880CI
=== convID : MUSE_PyramidGenConv, Depth : 10, CipherLevel : 10 ~ 17, iter : 1 === 
startLevel executionTime(sec)
10 43.191776244 
11 46.342685696 
12 50.535823342 
13 58.423125574 
14 63.354574768 
15 68.924779286 
16 80.396085536 
17 84.346436422 
MSE (Mean Squared Error)   : Min = 5.20e-13, Max = 5.32e-13, Avg = 5.25e-13
Relative Error             : Min = 3.42e-07, Max = 5.89e-07, Avg = 4.43e-07
Infinity Norm (L-infinity) : Min = 2.96e-06, Max = 3.76e-06, Avg = 3.26e-06

